<?xml version="1.0" encoding="UTF-8"?>
<testsuite xmlns:xsi="http://www.w3.org/2001/XMLSchema-instance" xsi:schemaLocation="https://maven.apache.org/surefire/maven-surefire-plugin/xsd/surefire-test-report.xsd" name="TestSuite" time="1.751" tests="57" errors="0" skipped="53" failures="4">
  <properties>
    <property name="java.runtime.name" value="Java(TM) SE Runtime Environment"/>
    <property name="sun.boot.library.path" value="C:\Program Files\Java\jdk1.8.0_112\jre\bin"/>
    <property name="java.vm.version" value="25.112-b15"/>
    <property name="java.vm.vendor" value="Oracle Corporation"/>
    <property name="maven.multiModuleProjectDirectory" value="C:\Users\Dell\Desktop\IdeaProjects\SevenStar"/>
    <property name="java.vendor.url" value="http://java.oracle.com/"/>
    <property name="path.separator" value=";"/>
    <property name="guice.disable.misplaced.annotation.check" value="true"/>
    <property name="java.vm.name" value="Java HotSpot(TM) 64-Bit Server VM"/>
    <property name="file.encoding.pkg" value="sun.io"/>
    <property name="user.script" value=""/>
    <property name="user.country" value="CN"/>
    <property name="sun.java.launcher" value="SUN_STANDARD"/>
    <property name="sun.os.patch.level" value=""/>
    <property name="java.vm.specification.name" value="Java Virtual Machine Specification"/>
    <property name="user.dir" value="C:\Users\Dell\Desktop\IdeaProjects\SevenStar"/>
    <property name="java.runtime.version" value="1.8.0_112-b15"/>
    <property name="java.awt.graphicsenv" value="sun.awt.Win32GraphicsEnvironment"/>
    <property name="java.endorsed.dirs" value="C:\Program Files\Java\jdk1.8.0_112\jre\lib\endorsed"/>
    <property name="os.arch" value="amd64"/>
    <property name="java.io.tmpdir" value="C:\Users\Dell\AppData\Local\Temp\"/>
    <property name="line.separator" value="&#10;"/>
    <property name="java.vm.specification.vendor" value="Oracle Corporation"/>
    <property name="suiteXml" value="Regression.xml"/>
    <property name="user.variant" value=""/>
    <property name="os.name" value="Windows 10"/>
    <property name="classworlds.conf" value="C:\apache-maven-3.3.9\bin\..\bin\m2.conf"/>
    <property name="sun.jnu.encoding" value="GBK"/>
    <property name="java.library.path" value="C:\Program Files\Java\jdk1.8.0_112\bin;C:\WINDOWS\Sun\Java\bin;C:\WINDOWS\system32;C:\WINDOWS;C:\ProgramData\Oracle\Java\javapath;C:\WINDOWS\system32;C:\WINDOWS;C:\WINDOWS\System32\Wbem;C:\WINDOWS\System32\WindowsPowerShell\v1.0\;C:\Program Files\TortoiseSVN\bin;C:\Program Files\Java\jdk1.8.0_112\bin;C:\Program Files\Java\jre1.8.0_112\bin;C:\apache-maven-3.3.9\bin;C:\Users\Dell\AppData\Local\GitHub\PortableGit_f02737a78695063deace08e96d5042710d3e32db\cmd;C:\strawberry\c\bin;C:\strawberry\perl\bin;C:\Users\Dell\AppData\Local\Microsoft\WindowsApps;;."/>
    <property name="java.specification.name" value="Java Platform API Specification"/>
    <property name="java.class.version" value="52.0"/>
    <property name="sun.management.compiler" value="HotSpot 64-Bit Tiered Compilers"/>
    <property name="os.version" value="10.0"/>
    <property name="user.home" value="C:\Users\Dell"/>
    <property name="user.timezone" value="Asia/Singapore"/>
    <property name="java.awt.printerjob" value="sun.awt.windows.WPrinterJob"/>
    <property name="java.specification.version" value="1.8"/>
    <property name="file.encoding" value="GBK"/>
    <property name="user.name" value="Dell"/>
    <property name="java.class.path" value="C:\apache-maven-3.3.9\bin\..\boot\plexus-classworlds-2.5.2.jar"/>
    <property name="java.vm.specification.version" value="1.8"/>
    <property name="sun.arch.data.model" value="64"/>
    <property name="java.home" value="C:\Program Files\Java\jdk1.8.0_112\jre"/>
    <property name="sun.java.command" value="org.codehaus.plexus.classworlds.launcher.Launcher clean test -DsuiteXml=Regression.xml"/>
    <property name="java.specification.vendor" value="Oracle Corporation"/>
    <property name="user.language" value="zh"/>
    <property name="awt.toolkit" value="sun.awt.windows.WToolkit"/>
    <property name="java.vm.info" value="mixed mode"/>
    <property name="java.version" value="1.8.0_112"/>
    <property name="java.ext.dirs" value="C:\Program Files\Java\jdk1.8.0_112\jre\lib\ext;C:\WINDOWS\Sun\Java\lib\ext"/>
    <property name="sun.boot.class.path" value="C:\Program Files\Java\jdk1.8.0_112\jre\lib\resources.jar;C:\Program Files\Java\jdk1.8.0_112\jre\lib\rt.jar;C:\Program Files\Java\jdk1.8.0_112\jre\lib\sunrsasign.jar;C:\Program Files\Java\jdk1.8.0_112\jre\lib\jsse.jar;C:\Program Files\Java\jdk1.8.0_112\jre\lib\jce.jar;C:\Program Files\Java\jdk1.8.0_112\jre\lib\charsets.jar;C:\Program Files\Java\jdk1.8.0_112\jre\lib\jfr.jar;C:\Program Files\Java\jdk1.8.0_112\jre\classes"/>
    <property name="sun.stderr.encoding" value="ms936"/>
    <property name="java.vendor" value="Oracle Corporation"/>
    <property name="maven.home" value="C:\apache-maven-3.3.9\bin\.."/>
    <property name="file.separator" value="\"/>
    <property name="java.vendor.url.bug" value="http://bugreport.sun.com/bugreport/"/>
    <property name="sun.cpu.endian" value="little"/>
    <property name="sun.io.unicode.encoding" value="UnicodeLittle"/>
    <property name="sun.stdout.encoding" value="ms936"/>
    <property name="sun.desktop" value="windows"/>
    <property name="sun.cpu.isalist" value="amd64"/>
  </properties>
  <testcase name="setUp" classname="com.sevenstar.testcases.场景用例" time="1.423">
    <failure type="java.lang.NullPointerException">java.lang.NullPointerException
	at com.sevenstar.testcases.场景用例.setUp(场景用例.java:44)
</failure>
    <system-err><![CDATA[三月 17, 2017 2:23:07 下午 org.bridj.BridJ log
信息: Registering type org.sikuli.util.SysJNA$WinKernel32
三月 17, 2017 2:23:07 下午 org.bridj.BridJ log
信息: Registering type org.bridj.TimeT
三月 17, 2017 2:23:07 下午 org.bridj.BridJ log
信息: Registering type org.bridj.TimeT$timeval_customizer
三月 17, 2017 2:23:07 下午 org.bridj.BridJ log
信息: Registering type org.bridj.StructIO$DefaultCustomizer
三月 17, 2017 2:23:07 下午 org.bridj.BridJ log
信息: Registering type org.bridj.TimeT$timeval
三月 17, 2017 2:23:07 下午 org.bridj.BridJ log
信息: Registering type org.bridj.StructObject
三月 17, 2017 2:23:07 下午 org.bridj.BridJ log
信息: Registering type org.bridj.NativeObject
三月 17, 2017 2:23:07 下午 org.bridj.BridJ log
信息: Registering type org.bridj.AbstractIntegral
三月 17, 2017 2:23:07 下午 org.bridj.BridJ log
信息: Registering type java.lang.Number
]]></system-err>
  </testcase>
  <testcase name="setUp" classname="com.sevenstar.testcases.场景用例" time="0.054">
    <failure type="java.lang.NullPointerException">java.lang.NullPointerException
	at com.sevenstar.testcases.场景用例.setUp(场景用例.java:44)
</failure>
    <system-out><![CDATA[FAILED CONFIGURATION: @BeforeTest setUp("${browserName}", "多次下注中奖场景")
java.lang.NullPointerException
	at org.openqa.selenium.interactions.Actions.<init>(Actions.java:44)
	at com.mte.base.MteSenseCore.<init>(MteSenseCore.java:85)
	at com.mte.base.MteSenseBaseCase.beforeClass(MteSenseBaseCase.java:64)
	at com.sevenstar.testcases.场景用例.setUp(场景用例.java:44)
	at sun.reflect.NativeMethodAccessorImpl.invoke0(Native Method)
	at sun.reflect.NativeMethodAccessorImpl.invoke(NativeMethodAccessorImpl.java:62)
	at sun.reflect.DelegatingMethodAccessorImpl.invoke(DelegatingMethodAccessorImpl.java:43)
	at java.lang.reflect.Method.invoke(Method.java:498)
	at org.testng.internal.MethodInvocationHelper.invokeMethod(MethodInvocationHelper.java:104)
	at org.testng.internal.Invoker.invokeConfigurationMethod(Invoker.java:515)
	at org.testng.internal.Invoker.invokeConfigurations(Invoker.java:217)
	at org.testng.internal.Invoker.invokeConfigurations(Invoker.java:144)
	at org.testng.TestRunner.beforeRun(TestRunner.java:634)
	at org.testng.TestRunner.run(TestRunner.java:602)
	at org.testng.SuiteRunner.runTest(SuiteRunner.java:387)
	at org.testng.SuiteRunner.runSequentially(SuiteRunner.java:382)
	at org.testng.SuiteRunner.privateRun(SuiteRunner.java:340)
	at org.testng.SuiteRunner.run(SuiteRunner.java:289)
	at org.testng.SuiteRunnerWorker.runSuite(SuiteRunnerWorker.java:52)
	at org.testng.SuiteRunnerWorker.run(SuiteRunnerWorker.java:86)
	at org.testng.TestNG.runSuitesSequentially(TestNG.java:1293)
	at org.testng.TestNG.runSuitesLocally(TestNG.java:1218)
	at org.testng.TestNG.runSuites(TestNG.java:1133)
	at org.testng.TestNG.run(TestNG.java:1104)
	at org.apache.maven.surefire.testng.TestNGExecutor.run(TestNGExecutor.java:281)
	at org.apache.maven.surefire.testng.TestNGXmlTestSuite.execute(TestNGXmlTestSuite.java:75)
	at org.apache.maven.surefire.testng.TestNGProvider.invoke(TestNGProvider.java:121)
	at org.apache.maven.surefire.booter.ForkedBooter.invokeProviderInSameClassLoader(ForkedBooter.java:290)
	at org.apache.maven.surefire.booter.ForkedBooter.runSuitesInProcess(ForkedBooter.java:242)
	at org.apache.maven.surefire.booter.ForkedBooter.main(ForkedBooter.java:121)

SKIPPED CONFIGURATION: @BeforeMethod startTest
SKIPPED CONFIGURATION: @AfterMethod afterEachTest
SKIPPED CONFIGURATION: @AfterTest tearDown
SKIPPED: 设置定盘数据测试
java.lang.NullPointerException
	at org.openqa.selenium.interactions.Actions.<init>(Actions.java:44)
	at com.mte.base.MteSenseCore.<init>(MteSenseCore.java:85)
	at com.mte.base.MteSenseBaseCase.beforeClass(MteSenseBaseCase.java:64)
	at com.sevenstar.testcases.场景用例.setUp(场景用例.java:44)
	at sun.reflect.NativeMethodAccessorImpl.invoke0(Native Method)
	at sun.reflect.NativeMethodAccessorImpl.invoke(NativeMethodAccessorImpl.java:62)
	at sun.reflect.DelegatingMethodAccessorImpl.invoke(DelegatingMethodAccessorImpl.java:43)
	at java.lang.reflect.Method.invoke(Method.java:498)
	at org.testng.internal.MethodInvocationHelper.invokeMethod(MethodInvocationHelper.java:104)
	at org.testng.internal.Invoker.invokeConfigurationMethod(Invoker.java:515)
	at org.testng.internal.Invoker.invokeConfigurations(Invoker.java:217)
	at org.testng.internal.Invoker.invokeConfigurations(Invoker.java:144)
	at org.testng.TestRunner.beforeRun(TestRunner.java:634)
	at org.testng.TestRunner.run(TestRunner.java:602)
	at org.testng.SuiteRunner.runTest(SuiteRunner.java:387)
	at org.testng.SuiteRunner.runSequentially(SuiteRunner.java:382)
	at org.testng.SuiteRunner.privateRun(SuiteRunner.java:340)
	at org.testng.SuiteRunner.run(SuiteRunner.java:289)
	at org.testng.SuiteRunnerWorker.runSuite(SuiteRunnerWorker.java:52)
	at org.testng.SuiteRunnerWorker.run(SuiteRunnerWorker.java:86)
	at org.testng.TestNG.runSuitesSequentially(TestNG.java:1293)
	at org.testng.TestNG.runSuitesLocally(TestNG.java:1218)
	at org.testng.TestNG.runSuites(TestNG.java:1133)
	at org.testng.TestNG.run(TestNG.java:1104)
	at org.apache.maven.surefire.testng.TestNGExecutor.run(TestNGExecutor.java:281)
	at org.apache.maven.surefire.testng.TestNGXmlTestSuite.execute(TestNGXmlTestSuite.java:75)
	at org.apache.maven.surefire.testng.TestNGProvider.invoke(TestNGProvider.java:121)
	at org.apache.maven.surefire.booter.ForkedBooter.invokeProviderInSameClassLoader(ForkedBooter.java:290)
	at org.apache.maven.surefire.booter.ForkedBooter.runSuitesInProcess(ForkedBooter.java:242)
	at org.apache.maven.surefire.booter.ForkedBooter.main(ForkedBooter.java:121)

SKIPPED: 关盘测试
java.lang.Throwable: Method 场景用例.关盘测试()[pri:0, instance:com.sevenstar.testcases.场景用例@16267862] depends on not successfully finished methods
	at org.testng.internal.Invoker.invokeTestMethods(Invoker.java:1068)
	at org.testng.internal.TestMethodWorker.invokeTestMethods(TestMethodWorker.java:129)
	at org.testng.internal.TestMethodWorker.run(TestMethodWorker.java:112)
	at java.util.concurrent.ThreadPoolExecutor.runWorker(ThreadPoolExecutor.java:1142)
	at java.util.concurrent.ThreadPoolExecutor$Worker.run(ThreadPoolExecutor.java:617)
	at java.lang.Thread.run(Thread.java:745)

SKIPPED: 分批赔率测试
java.lang.Throwable: Method 场景用例.分批赔率测试()[pri:0, instance:com.sevenstar.testcases.场景用例@16267862] depends on not successfully finished methods
	at org.testng.internal.Invoker.invokeTestMethods(Invoker.java:1068)
	at org.testng.internal.TestMethodWorker.invokeTestMethods(TestMethodWorker.java:129)
	at org.testng.internal.TestMethodWorker.run(TestMethodWorker.java:112)
	at java.util.concurrent.ThreadPoolExecutor.runWorker(ThreadPoolExecutor.java:1142)
	at java.util.concurrent.ThreadPoolExecutor$Worker.run(ThreadPoolExecutor.java:617)
	at java.lang.Thread.run(Thread.java:745)

SKIPPED: 越级操作测试
java.lang.Throwable: Method 场景用例.越级操作测试()[pri:0, instance:com.sevenstar.testcases.场景用例@16267862] depends on not successfully finished methods
	at org.testng.internal.Invoker.invokeTestMethods(Invoker.java:1068)
	at org.testng.internal.TestMethodWorker.invokeTestMethods(TestMethodWorker.java:129)
	at org.testng.internal.TestMethodWorker.run(TestMethodWorker.java:112)
	at java.util.concurrent.ThreadPoolExecutor.runWorker(ThreadPoolExecutor.java:1142)
	at java.util.concurrent.ThreadPoolExecutor$Worker.run(ThreadPoolExecutor.java:617)
	at java.lang.Thread.run(Thread.java:745)

SKIPPED: 拦货金额测试
java.lang.Throwable: Method 场景用例.拦货金额测试()[pri:0, instance:com.sevenstar.testcases.场景用例@16267862] depends on not successfully finished methods
	at org.testng.internal.Invoker.invokeTestMethods(Invoker.java:1068)
	at org.testng.internal.TestMethodWorker.invokeTestMethods(TestMethodWorker.java:129)
	at org.testng.internal.TestMethodWorker.run(TestMethodWorker.java:112)
	at java.util.concurrent.ThreadPoolExecutor.runWorker(ThreadPoolExecutor.java:1142)
	at java.util.concurrent.ThreadPoolExecutor$Worker.run(ThreadPoolExecutor.java:617)
	at java.lang.Thread.run(Thread.java:745)

SKIPPED: 开盘测试
java.lang.Throwable: Method 场景用例.开盘测试()[pri:0, instance:com.sevenstar.testcases.场景用例@16267862] depends on not successfully finished methods
	at org.testng.internal.Invoker.invokeTestMethods(Invoker.java:1068)
	at org.testng.internal.TestMethodWorker.invokeTestMethods(TestMethodWorker.java:129)
	at org.testng.internal.TestMethodWorker.run(TestMethodWorker.java:112)
	at java.util.concurrent.ThreadPoolExecutor.runWorker(ThreadPoolExecutor.java:1142)
	at java.util.concurrent.ThreadPoolExecutor$Worker.run(ThreadPoolExecutor.java:617)
	at java.lang.Thread.run(Thread.java:745)

SKIPPED: 快打下注测试
java.lang.Throwable: Method 场景用例.快打下注测试()[pri:0, instance:com.sevenstar.testcases.场景用例@16267862] depends on not successfully finished methods
	at org.testng.internal.Invoker.invokeTestMethods(Invoker.java:1068)
	at org.testng.internal.TestMethodWorker.invokeTestMethods(TestMethodWorker.java:129)
	at org.testng.internal.TestMethodWorker.run(TestMethodWorker.java:112)
	at java.util.concurrent.ThreadPoolExecutor.runWorker(ThreadPoolExecutor.java:1142)
	at java.util.concurrent.ThreadPoolExecutor$Worker.run(ThreadPoolExecutor.java:617)
	at java.lang.Thread.run(Thread.java:745)

SKIPPED: 结账前报表验证
java.lang.Throwable: Method 场景用例.结账前报表验证()[pri:0, instance:com.sevenstar.testcases.场景用例@16267862] depends on not successfully finished methods
	at org.testng.internal.Invoker.invokeTestMethods(Invoker.java:1068)
	at org.testng.internal.TestMethodWorker.invokeTestMethods(TestMethodWorker.java:129)
	at org.testng.internal.TestMethodWorker.run(TestMethodWorker.java:112)
	at java.util.concurrent.ThreadPoolExecutor.runWorker(ThreadPoolExecutor.java:1142)
	at java.util.concurrent.ThreadPoolExecutor$Worker.run(ThreadPoolExecutor.java:617)
	at java.lang.Thread.run(Thread.java:745)

SKIPPED: 关盘结账
java.lang.Throwable: Method 场景用例.关盘结账()[pri:0, instance:com.sevenstar.testcases.场景用例@16267862] depends on not successfully finished methods
	at org.testng.internal.Invoker.invokeTestMethods(Invoker.java:1068)
	at org.testng.internal.TestMethodWorker.invokeTestMethods(TestMethodWorker.java:129)
	at org.testng.internal.TestMethodWorker.run(TestMethodWorker.java:112)
	at java.util.concurrent.ThreadPoolExecutor.runWorker(ThreadPoolExecutor.java:1142)
	at java.util.concurrent.ThreadPoolExecutor$Worker.run(ThreadPoolExecutor.java:617)
	at java.lang.Thread.run(Thread.java:745)

SKIPPED: 结账后报表验证
java.lang.Throwable: Method 场景用例.结账后报表验证()[pri:0, instance:com.sevenstar.testcases.场景用例@16267862] depends on not successfully finished methods
	at org.testng.internal.Invoker.invokeTestMethods(Invoker.java:1068)
	at org.testng.internal.TestMethodWorker.invokeTestMethods(TestMethodWorker.java:129)
	at org.testng.internal.TestMethodWorker.run(TestMethodWorker.java:112)
	at java.util.concurrent.ThreadPoolExecutor.runWorker(ThreadPoolExecutor.java:1142)
	at java.util.concurrent.ThreadPoolExecutor$Worker.run(ThreadPoolExecutor.java:617)
	at java.lang.Thread.run(Thread.java:745)


===============================================
    1
    Tests run: 10, Failures: 0, Skips: 10
    Configuration Failures: 1, Skips: 3
===============================================

]]></system-out>
  </testcase>
  <testcase name="setUp" classname="com.sevenstar.testcases.场景用例" time="0.034">
    <failure type="java.lang.NullPointerException">java.lang.NullPointerException
	at com.sevenstar.testcases.场景用例.setUp(场景用例.java:44)
</failure>
    <system-out><![CDATA[FAILED CONFIGURATION: @BeforeTest setUp("${browserName}", "多次下注未中奖场景")
java.lang.NullPointerException
	at org.openqa.selenium.interactions.Actions.<init>(Actions.java:44)
	at com.mte.base.MteSenseCore.<init>(MteSenseCore.java:85)
	at com.mte.base.MteSenseBaseCase.beforeClass(MteSenseBaseCase.java:64)
	at com.sevenstar.testcases.场景用例.setUp(场景用例.java:44)
	at sun.reflect.NativeMethodAccessorImpl.invoke0(Native Method)
	at sun.reflect.NativeMethodAccessorImpl.invoke(NativeMethodAccessorImpl.java:62)
	at sun.reflect.DelegatingMethodAccessorImpl.invoke(DelegatingMethodAccessorImpl.java:43)
	at java.lang.reflect.Method.invoke(Method.java:498)
	at org.testng.internal.MethodInvocationHelper.invokeMethod(MethodInvocationHelper.java:104)
	at org.testng.internal.Invoker.invokeConfigurationMethod(Invoker.java:515)
	at org.testng.internal.Invoker.invokeConfigurations(Invoker.java:217)
	at org.testng.internal.Invoker.invokeConfigurations(Invoker.java:144)
	at org.testng.TestRunner.beforeRun(TestRunner.java:634)
	at org.testng.TestRunner.run(TestRunner.java:602)
	at org.testng.SuiteRunner.runTest(SuiteRunner.java:387)
	at org.testng.SuiteRunner.runSequentially(SuiteRunner.java:382)
	at org.testng.SuiteRunner.privateRun(SuiteRunner.java:340)
	at org.testng.SuiteRunner.run(SuiteRunner.java:289)
	at org.testng.SuiteRunnerWorker.runSuite(SuiteRunnerWorker.java:52)
	at org.testng.SuiteRunnerWorker.run(SuiteRunnerWorker.java:86)
	at org.testng.TestNG.runSuitesSequentially(TestNG.java:1293)
	at org.testng.TestNG.runSuitesLocally(TestNG.java:1218)
	at org.testng.TestNG.runSuites(TestNG.java:1133)
	at org.testng.TestNG.run(TestNG.java:1104)
	at org.apache.maven.surefire.testng.TestNGExecutor.run(TestNGExecutor.java:281)
	at org.apache.maven.surefire.testng.TestNGXmlTestSuite.execute(TestNGXmlTestSuite.java:75)
	at org.apache.maven.surefire.testng.TestNGProvider.invoke(TestNGProvider.java:121)
	at org.apache.maven.surefire.booter.ForkedBooter.invokeProviderInSameClassLoader(ForkedBooter.java:290)
	at org.apache.maven.surefire.booter.ForkedBooter.runSuitesInProcess(ForkedBooter.java:242)
	at org.apache.maven.surefire.booter.ForkedBooter.main(ForkedBooter.java:121)

SKIPPED CONFIGURATION: @BeforeMethod startTest
SKIPPED CONFIGURATION: @AfterMethod afterEachTest
SKIPPED CONFIGURATION: @AfterTest tearDown
SKIPPED: 设置定盘数据测试
java.lang.NullPointerException
	at org.openqa.selenium.interactions.Actions.<init>(Actions.java:44)
	at com.mte.base.MteSenseCore.<init>(MteSenseCore.java:85)
	at com.mte.base.MteSenseBaseCase.beforeClass(MteSenseBaseCase.java:64)
	at com.sevenstar.testcases.场景用例.setUp(场景用例.java:44)
	at sun.reflect.NativeMethodAccessorImpl.invoke0(Native Method)
	at sun.reflect.NativeMethodAccessorImpl.invoke(NativeMethodAccessorImpl.java:62)
	at sun.reflect.DelegatingMethodAccessorImpl.invoke(DelegatingMethodAccessorImpl.java:43)
	at java.lang.reflect.Method.invoke(Method.java:498)
	at org.testng.internal.MethodInvocationHelper.invokeMethod(MethodInvocationHelper.java:104)
	at org.testng.internal.Invoker.invokeConfigurationMethod(Invoker.java:515)
	at org.testng.internal.Invoker.invokeConfigurations(Invoker.java:217)
	at org.testng.internal.Invoker.invokeConfigurations(Invoker.java:144)
	at org.testng.TestRunner.beforeRun(TestRunner.java:634)
	at org.testng.TestRunner.run(TestRunner.java:602)
	at org.testng.SuiteRunner.runTest(SuiteRunner.java:387)
	at org.testng.SuiteRunner.runSequentially(SuiteRunner.java:382)
	at org.testng.SuiteRunner.privateRun(SuiteRunner.java:340)
	at org.testng.SuiteRunner.run(SuiteRunner.java:289)
	at org.testng.SuiteRunnerWorker.runSuite(SuiteRunnerWorker.java:52)
	at org.testng.SuiteRunnerWorker.run(SuiteRunnerWorker.java:86)
	at org.testng.TestNG.runSuitesSequentially(TestNG.java:1293)
	at org.testng.TestNG.runSuitesLocally(TestNG.java:1218)
	at org.testng.TestNG.runSuites(TestNG.java:1133)
	at org.testng.TestNG.run(TestNG.java:1104)
	at org.apache.maven.surefire.testng.TestNGExecutor.run(TestNGExecutor.java:281)
	at org.apache.maven.surefire.testng.TestNGXmlTestSuite.execute(TestNGXmlTestSuite.java:75)
	at org.apache.maven.surefire.testng.TestNGProvider.invoke(TestNGProvider.java:121)
	at org.apache.maven.surefire.booter.ForkedBooter.invokeProviderInSameClassLoader(ForkedBooter.java:290)
	at org.apache.maven.surefire.booter.ForkedBooter.runSuitesInProcess(ForkedBooter.java:242)
	at org.apache.maven.surefire.booter.ForkedBooter.main(ForkedBooter.java:121)

SKIPPED: 关盘测试
java.lang.Throwable: Method 场景用例.关盘测试()[pri:0, instance:com.sevenstar.testcases.场景用例@221af3c0] depends on not successfully finished methods
	at org.testng.internal.Invoker.invokeTestMethods(Invoker.java:1068)
	at org.testng.internal.TestMethodWorker.invokeTestMethods(TestMethodWorker.java:129)
	at org.testng.internal.TestMethodWorker.run(TestMethodWorker.java:112)
	at java.util.concurrent.ThreadPoolExecutor.runWorker(ThreadPoolExecutor.java:1142)
	at java.util.concurrent.ThreadPoolExecutor$Worker.run(ThreadPoolExecutor.java:617)
	at java.lang.Thread.run(Thread.java:745)

SKIPPED: 分批赔率测试
java.lang.Throwable: Method 场景用例.分批赔率测试()[pri:0, instance:com.sevenstar.testcases.场景用例@221af3c0] depends on not successfully finished methods
	at org.testng.internal.Invoker.invokeTestMethods(Invoker.java:1068)
	at org.testng.internal.TestMethodWorker.invokeTestMethods(TestMethodWorker.java:129)
	at org.testng.internal.TestMethodWorker.run(TestMethodWorker.java:112)
	at java.util.concurrent.ThreadPoolExecutor.runWorker(ThreadPoolExecutor.java:1142)
	at java.util.concurrent.ThreadPoolExecutor$Worker.run(ThreadPoolExecutor.java:617)
	at java.lang.Thread.run(Thread.java:745)

SKIPPED: 越级操作测试
java.lang.Throwable: Method 场景用例.越级操作测试()[pri:0, instance:com.sevenstar.testcases.场景用例@221af3c0] depends on not successfully finished methods
	at org.testng.internal.Invoker.invokeTestMethods(Invoker.java:1068)
	at org.testng.internal.TestMethodWorker.invokeTestMethods(TestMethodWorker.java:129)
	at org.testng.internal.TestMethodWorker.run(TestMethodWorker.java:112)
	at java.util.concurrent.ThreadPoolExecutor.runWorker(ThreadPoolExecutor.java:1142)
	at java.util.concurrent.ThreadPoolExecutor$Worker.run(ThreadPoolExecutor.java:617)
	at java.lang.Thread.run(Thread.java:745)

SKIPPED: 拦货金额测试
java.lang.Throwable: Method 场景用例.拦货金额测试()[pri:0, instance:com.sevenstar.testcases.场景用例@221af3c0] depends on not successfully finished methods
	at org.testng.internal.Invoker.invokeTestMethods(Invoker.java:1068)
	at org.testng.internal.TestMethodWorker.invokeTestMethods(TestMethodWorker.java:129)
	at org.testng.internal.TestMethodWorker.run(TestMethodWorker.java:112)
	at java.util.concurrent.ThreadPoolExecutor.runWorker(ThreadPoolExecutor.java:1142)
	at java.util.concurrent.ThreadPoolExecutor$Worker.run(ThreadPoolExecutor.java:617)
	at java.lang.Thread.run(Thread.java:745)

SKIPPED: 开盘测试
java.lang.Throwable: Method 场景用例.开盘测试()[pri:0, instance:com.sevenstar.testcases.场景用例@221af3c0] depends on not successfully finished methods
	at org.testng.internal.Invoker.invokeTestMethods(Invoker.java:1068)
	at org.testng.internal.TestMethodWorker.invokeTestMethods(TestMethodWorker.java:129)
	at org.testng.internal.TestMethodWorker.run(TestMethodWorker.java:112)
	at java.util.concurrent.ThreadPoolExecutor.runWorker(ThreadPoolExecutor.java:1142)
	at java.util.concurrent.ThreadPoolExecutor$Worker.run(ThreadPoolExecutor.java:617)
	at java.lang.Thread.run(Thread.java:745)

SKIPPED: 快打下注测试
java.lang.Throwable: Method 场景用例.快打下注测试()[pri:0, instance:com.sevenstar.testcases.场景用例@221af3c0] depends on not successfully finished methods
	at org.testng.internal.Invoker.invokeTestMethods(Invoker.java:1068)
	at org.testng.internal.TestMethodWorker.invokeTestMethods(TestMethodWorker.java:129)
	at org.testng.internal.TestMethodWorker.run(TestMethodWorker.java:112)
	at java.util.concurrent.ThreadPoolExecutor.runWorker(ThreadPoolExecutor.java:1142)
	at java.util.concurrent.ThreadPoolExecutor$Worker.run(ThreadPoolExecutor.java:617)
	at java.lang.Thread.run(Thread.java:745)

SKIPPED: 结账前报表验证
java.lang.Throwable: Method 场景用例.结账前报表验证()[pri:0, instance:com.sevenstar.testcases.场景用例@221af3c0] depends on not successfully finished methods
	at org.testng.internal.Invoker.invokeTestMethods(Invoker.java:1068)
	at org.testng.internal.TestMethodWorker.invokeTestMethods(TestMethodWorker.java:129)
	at org.testng.internal.TestMethodWorker.run(TestMethodWorker.java:112)
	at java.util.concurrent.ThreadPoolExecutor.runWorker(ThreadPoolExecutor.java:1142)
	at java.util.concurrent.ThreadPoolExecutor$Worker.run(ThreadPoolExecutor.java:617)
	at java.lang.Thread.run(Thread.java:745)

SKIPPED: 关盘结账
java.lang.Throwable: Method 场景用例.关盘结账()[pri:0, instance:com.sevenstar.testcases.场景用例@221af3c0] depends on not successfully finished methods
	at org.testng.internal.Invoker.invokeTestMethods(Invoker.java:1068)
	at org.testng.internal.TestMethodWorker.invokeTestMethods(TestMethodWorker.java:129)
	at org.testng.internal.TestMethodWorker.run(TestMethodWorker.java:112)
	at java.util.concurrent.ThreadPoolExecutor.runWorker(ThreadPoolExecutor.java:1142)
	at java.util.concurrent.ThreadPoolExecutor$Worker.run(ThreadPoolExecutor.java:617)
	at java.lang.Thread.run(Thread.java:745)

SKIPPED: 结账后报表验证
java.lang.Throwable: Method 场景用例.结账后报表验证()[pri:0, instance:com.sevenstar.testcases.场景用例@221af3c0] depends on not successfully finished methods
	at org.testng.internal.Invoker.invokeTestMethods(Invoker.java:1068)
	at org.testng.internal.TestMethodWorker.invokeTestMethods(TestMethodWorker.java:129)
	at org.testng.internal.TestMethodWorker.run(TestMethodWorker.java:112)
	at java.util.concurrent.ThreadPoolExecutor.runWorker(ThreadPoolExecutor.java:1142)
	at java.util.concurrent.ThreadPoolExecutor$Worker.run(ThreadPoolExecutor.java:617)
	at java.lang.Thread.run(Thread.java:745)


===============================================
    2
    Tests run: 10, Failures: 0, Skips: 10
    Configuration Failures: 1, Skips: 3
===============================================

]]></system-out>
  </testcase>
  <testcase name="setUp" classname="com.sevenstar.testcases.场景用例" time="0.033">
    <failure type="java.lang.NullPointerException">java.lang.NullPointerException
	at com.sevenstar.testcases.场景用例.setUp(场景用例.java:44)
</failure>
    <system-out><![CDATA[FAILED CONFIGURATION: @BeforeTest setUp("${browserName}", "单次下注中奖场景")
java.lang.NullPointerException
	at org.openqa.selenium.interactions.Actions.<init>(Actions.java:44)
	at com.mte.base.MteSenseCore.<init>(MteSenseCore.java:85)
	at com.mte.base.MteSenseBaseCase.beforeClass(MteSenseBaseCase.java:64)
	at com.sevenstar.testcases.场景用例.setUp(场景用例.java:44)
	at sun.reflect.NativeMethodAccessorImpl.invoke0(Native Method)
	at sun.reflect.NativeMethodAccessorImpl.invoke(NativeMethodAccessorImpl.java:62)
	at sun.reflect.DelegatingMethodAccessorImpl.invoke(DelegatingMethodAccessorImpl.java:43)
	at java.lang.reflect.Method.invoke(Method.java:498)
	at org.testng.internal.MethodInvocationHelper.invokeMethod(MethodInvocationHelper.java:104)
	at org.testng.internal.Invoker.invokeConfigurationMethod(Invoker.java:515)
	at org.testng.internal.Invoker.invokeConfigurations(Invoker.java:217)
	at org.testng.internal.Invoker.invokeConfigurations(Invoker.java:144)
	at org.testng.TestRunner.beforeRun(TestRunner.java:634)
	at org.testng.TestRunner.run(TestRunner.java:602)
	at org.testng.SuiteRunner.runTest(SuiteRunner.java:387)
	at org.testng.SuiteRunner.runSequentially(SuiteRunner.java:382)
	at org.testng.SuiteRunner.privateRun(SuiteRunner.java:340)
	at org.testng.SuiteRunner.run(SuiteRunner.java:289)
	at org.testng.SuiteRunnerWorker.runSuite(SuiteRunnerWorker.java:52)
	at org.testng.SuiteRunnerWorker.run(SuiteRunnerWorker.java:86)
	at org.testng.TestNG.runSuitesSequentially(TestNG.java:1293)
	at org.testng.TestNG.runSuitesLocally(TestNG.java:1218)
	at org.testng.TestNG.runSuites(TestNG.java:1133)
	at org.testng.TestNG.run(TestNG.java:1104)
	at org.apache.maven.surefire.testng.TestNGExecutor.run(TestNGExecutor.java:281)
	at org.apache.maven.surefire.testng.TestNGXmlTestSuite.execute(TestNGXmlTestSuite.java:75)
	at org.apache.maven.surefire.testng.TestNGProvider.invoke(TestNGProvider.java:121)
	at org.apache.maven.surefire.booter.ForkedBooter.invokeProviderInSameClassLoader(ForkedBooter.java:290)
	at org.apache.maven.surefire.booter.ForkedBooter.runSuitesInProcess(ForkedBooter.java:242)
	at org.apache.maven.surefire.booter.ForkedBooter.main(ForkedBooter.java:121)

SKIPPED CONFIGURATION: @BeforeMethod startTest
SKIPPED CONFIGURATION: @AfterMethod afterEachTest
SKIPPED CONFIGURATION: @AfterTest tearDown
SKIPPED: 设置定盘数据测试
java.lang.NullPointerException
	at org.openqa.selenium.interactions.Actions.<init>(Actions.java:44)
	at com.mte.base.MteSenseCore.<init>(MteSenseCore.java:85)
	at com.mte.base.MteSenseBaseCase.beforeClass(MteSenseBaseCase.java:64)
	at com.sevenstar.testcases.场景用例.setUp(场景用例.java:44)
	at sun.reflect.NativeMethodAccessorImpl.invoke0(Native Method)
	at sun.reflect.NativeMethodAccessorImpl.invoke(NativeMethodAccessorImpl.java:62)
	at sun.reflect.DelegatingMethodAccessorImpl.invoke(DelegatingMethodAccessorImpl.java:43)
	at java.lang.reflect.Method.invoke(Method.java:498)
	at org.testng.internal.MethodInvocationHelper.invokeMethod(MethodInvocationHelper.java:104)
	at org.testng.internal.Invoker.invokeConfigurationMethod(Invoker.java:515)
	at org.testng.internal.Invoker.invokeConfigurations(Invoker.java:217)
	at org.testng.internal.Invoker.invokeConfigurations(Invoker.java:144)
	at org.testng.TestRunner.beforeRun(TestRunner.java:634)
	at org.testng.TestRunner.run(TestRunner.java:602)
	at org.testng.SuiteRunner.runTest(SuiteRunner.java:387)
	at org.testng.SuiteRunner.runSequentially(SuiteRunner.java:382)
	at org.testng.SuiteRunner.privateRun(SuiteRunner.java:340)
	at org.testng.SuiteRunner.run(SuiteRunner.java:289)
	at org.testng.SuiteRunnerWorker.runSuite(SuiteRunnerWorker.java:52)
	at org.testng.SuiteRunnerWorker.run(SuiteRunnerWorker.java:86)
	at org.testng.TestNG.runSuitesSequentially(TestNG.java:1293)
	at org.testng.TestNG.runSuitesLocally(TestNG.java:1218)
	at org.testng.TestNG.runSuites(TestNG.java:1133)
	at org.testng.TestNG.run(TestNG.java:1104)
	at org.apache.maven.surefire.testng.TestNGExecutor.run(TestNGExecutor.java:281)
	at org.apache.maven.surefire.testng.TestNGXmlTestSuite.execute(TestNGXmlTestSuite.java:75)
	at org.apache.maven.surefire.testng.TestNGProvider.invoke(TestNGProvider.java:121)
	at org.apache.maven.surefire.booter.ForkedBooter.invokeProviderInSameClassLoader(ForkedBooter.java:290)
	at org.apache.maven.surefire.booter.ForkedBooter.runSuitesInProcess(ForkedBooter.java:242)
	at org.apache.maven.surefire.booter.ForkedBooter.main(ForkedBooter.java:121)

SKIPPED: 关盘测试
java.lang.Throwable: Method 场景用例.关盘测试()[pri:0, instance:com.sevenstar.testcases.场景用例@ba8d91c] depends on not successfully finished methods
	at org.testng.internal.Invoker.invokeTestMethods(Invoker.java:1068)
	at org.testng.internal.TestMethodWorker.invokeTestMethods(TestMethodWorker.java:129)
	at org.testng.internal.TestMethodWorker.run(TestMethodWorker.java:112)
	at java.util.concurrent.ThreadPoolExecutor.runWorker(ThreadPoolExecutor.java:1142)
	at java.util.concurrent.ThreadPoolExecutor$Worker.run(ThreadPoolExecutor.java:617)
	at java.lang.Thread.run(Thread.java:745)

SKIPPED: 分批赔率测试
java.lang.Throwable: Method 场景用例.分批赔率测试()[pri:0, instance:com.sevenstar.testcases.场景用例@ba8d91c] depends on not successfully finished methods
	at org.testng.internal.Invoker.invokeTestMethods(Invoker.java:1068)
	at org.testng.internal.TestMethodWorker.invokeTestMethods(TestMethodWorker.java:129)
	at org.testng.internal.TestMethodWorker.run(TestMethodWorker.java:112)
	at java.util.concurrent.ThreadPoolExecutor.runWorker(ThreadPoolExecutor.java:1142)
	at java.util.concurrent.ThreadPoolExecutor$Worker.run(ThreadPoolExecutor.java:617)
	at java.lang.Thread.run(Thread.java:745)

SKIPPED: 越级操作测试
java.lang.Throwable: Method 场景用例.越级操作测试()[pri:0, instance:com.sevenstar.testcases.场景用例@ba8d91c] depends on not successfully finished methods
	at org.testng.internal.Invoker.invokeTestMethods(Invoker.java:1068)
	at org.testng.internal.TestMethodWorker.invokeTestMethods(TestMethodWorker.java:129)
	at org.testng.internal.TestMethodWorker.run(TestMethodWorker.java:112)
	at java.util.concurrent.ThreadPoolExecutor.runWorker(ThreadPoolExecutor.java:1142)
	at java.util.concurrent.ThreadPoolExecutor$Worker.run(ThreadPoolExecutor.java:617)
	at java.lang.Thread.run(Thread.java:745)

SKIPPED: 拦货金额测试
java.lang.Throwable: Method 场景用例.拦货金额测试()[pri:0, instance:com.sevenstar.testcases.场景用例@ba8d91c] depends on not successfully finished methods
	at org.testng.internal.Invoker.invokeTestMethods(Invoker.java:1068)
	at org.testng.internal.TestMethodWorker.invokeTestMethods(TestMethodWorker.java:129)
	at org.testng.internal.TestMethodWorker.run(TestMethodWorker.java:112)
	at java.util.concurrent.ThreadPoolExecutor.runWorker(ThreadPoolExecutor.java:1142)
	at java.util.concurrent.ThreadPoolExecutor$Worker.run(ThreadPoolExecutor.java:617)
	at java.lang.Thread.run(Thread.java:745)

SKIPPED: 开盘测试
java.lang.Throwable: Method 场景用例.开盘测试()[pri:0, instance:com.sevenstar.testcases.场景用例@ba8d91c] depends on not successfully finished methods
	at org.testng.internal.Invoker.invokeTestMethods(Invoker.java:1068)
	at org.testng.internal.TestMethodWorker.invokeTestMethods(TestMethodWorker.java:129)
	at org.testng.internal.TestMethodWorker.run(TestMethodWorker.java:112)
	at java.util.concurrent.ThreadPoolExecutor.runWorker(ThreadPoolExecutor.java:1142)
	at java.util.concurrent.ThreadPoolExecutor$Worker.run(ThreadPoolExecutor.java:617)
	at java.lang.Thread.run(Thread.java:745)

SKIPPED: 快打下注测试
java.lang.Throwable: Method 场景用例.快打下注测试()[pri:0, instance:com.sevenstar.testcases.场景用例@ba8d91c] depends on not successfully finished methods
	at org.testng.internal.Invoker.invokeTestMethods(Invoker.java:1068)
	at org.testng.internal.TestMethodWorker.invokeTestMethods(TestMethodWorker.java:129)
	at org.testng.internal.TestMethodWorker.run(TestMethodWorker.java:112)
	at java.util.concurrent.ThreadPoolExecutor.runWorker(ThreadPoolExecutor.java:1142)
	at java.util.concurrent.ThreadPoolExecutor$Worker.run(ThreadPoolExecutor.java:617)
	at java.lang.Thread.run(Thread.java:745)

SKIPPED: 结账前报表验证
java.lang.Throwable: Method 场景用例.结账前报表验证()[pri:0, instance:com.sevenstar.testcases.场景用例@ba8d91c] depends on not successfully finished methods
	at org.testng.internal.Invoker.invokeTestMethods(Invoker.java:1068)
	at org.testng.internal.TestMethodWorker.invokeTestMethods(TestMethodWorker.java:129)
	at org.testng.internal.TestMethodWorker.run(TestMethodWorker.java:112)
	at java.util.concurrent.ThreadPoolExecutor.runWorker(ThreadPoolExecutor.java:1142)
	at java.util.concurrent.ThreadPoolExecutor$Worker.run(ThreadPoolExecutor.java:617)
	at java.lang.Thread.run(Thread.java:745)

SKIPPED: 关盘结账
java.lang.Throwable: Method 场景用例.关盘结账()[pri:0, instance:com.sevenstar.testcases.场景用例@ba8d91c] depends on not successfully finished methods
	at org.testng.internal.Invoker.invokeTestMethods(Invoker.java:1068)
	at org.testng.internal.TestMethodWorker.invokeTestMethods(TestMethodWorker.java:129)
	at org.testng.internal.TestMethodWorker.run(TestMethodWorker.java:112)
	at java.util.concurrent.ThreadPoolExecutor.runWorker(ThreadPoolExecutor.java:1142)
	at java.util.concurrent.ThreadPoolExecutor$Worker.run(ThreadPoolExecutor.java:617)
	at java.lang.Thread.run(Thread.java:745)

SKIPPED: 结账后报表验证
java.lang.Throwable: Method 场景用例.结账后报表验证()[pri:0, instance:com.sevenstar.testcases.场景用例@ba8d91c] depends on not successfully finished methods
	at org.testng.internal.Invoker.invokeTestMethods(Invoker.java:1068)
	at org.testng.internal.TestMethodWorker.invokeTestMethods(TestMethodWorker.java:129)
	at org.testng.internal.TestMethodWorker.run(TestMethodWorker.java:112)
	at java.util.concurrent.ThreadPoolExecutor.runWorker(ThreadPoolExecutor.java:1142)
	at java.util.concurrent.ThreadPoolExecutor$Worker.run(ThreadPoolExecutor.java:617)
	at java.lang.Thread.run(Thread.java:745)


===============================================
    3
    Tests run: 10, Failures: 0, Skips: 10
    Configuration Failures: 1, Skips: 3
===============================================

]]></system-out>
  </testcase>
  <testcase name="startTest" classname="com.sevenstar.testcases.场景用例" time="0">
    <skipped/>
    <system-out><![CDATA[[TestRunner] Starting executor for test 1 with time out:2147483647 milliseconds.
]]></system-out>
  </testcase>
  <testcase name="startTest" classname="com.sevenstar.testcases.场景用例" time="0">
    <skipped/>
    <system-out><![CDATA[[TestRunner] Starting executor for test 2 with time out:2147483647 milliseconds.
]]></system-out>
  </testcase>
  <testcase name="startTest" classname="com.sevenstar.testcases.场景用例" time="0">
    <skipped/>
    <system-out><![CDATA[[TestRunner] Starting executor for test 3 with time out:2147483647 milliseconds.
]]></system-out>
  </testcase>
  <testcase name="startTest" classname="com.sevenstar.testcases.场景用例" time="0">
    <skipped/>
    <system-out><![CDATA[[TestRunner] Starting executor for test 4 with time out:2147483647 milliseconds.
]]></system-out>
  </testcase>
  <testcase name="设置定盘数据测试" classname="com.sevenstar.testcases.场景用例" time="0">
    <skipped/>
  </testcase>
  <testcase name="设置定盘数据测试" classname="com.sevenstar.testcases.场景用例" time="0">
    <skipped/>
  </testcase>
  <testcase name="设置定盘数据测试" classname="com.sevenstar.testcases.场景用例" time="0">
    <skipped/>
  </testcase>
  <testcase name="设置定盘数据测试" classname="com.sevenstar.testcases.场景用例" time="0">
    <skipped/>
  </testcase>
  <testcase name="afterEachTest" classname="com.sevenstar.testcases.场景用例" time="0">
    <skipped/>
  </testcase>
  <testcase name="afterEachTest" classname="com.sevenstar.testcases.场景用例" time="0">
    <skipped/>
  </testcase>
  <testcase name="afterEachTest" classname="com.sevenstar.testcases.场景用例" time="0">
    <skipped/>
  </testcase>
  <testcase name="afterEachTest" classname="com.sevenstar.testcases.场景用例" time="0">
    <skipped/>
  </testcase>
  <testcase name="关盘测试" classname="com.sevenstar.testcases.场景用例" time="0">
    <skipped message="Method 场景用例.关盘测试()[pri:0, instance:com.sevenstar.testcases.场景用例@16267862] depends on not successfully finished methods"/>
  </testcase>
  <testcase name="关盘测试" classname="com.sevenstar.testcases.场景用例" time="0">
    <skipped message="Method 场景用例.关盘测试()[pri:0, instance:com.sevenstar.testcases.场景用例@221af3c0] depends on not successfully finished methods"/>
  </testcase>
  <testcase name="关盘测试" classname="com.sevenstar.testcases.场景用例" time="0">
    <skipped message="Method 场景用例.关盘测试()[pri:0, instance:com.sevenstar.testcases.场景用例@ba8d91c] depends on not successfully finished methods"/>
  </testcase>
  <testcase name="关盘测试" classname="com.sevenstar.testcases.场景用例" time="0">
    <skipped message="Method 场景用例.关盘测试()[pri:0, instance:com.sevenstar.testcases.场景用例@61d47554] depends on not successfully finished methods"/>
  </testcase>
  <testcase name="分批赔率测试" classname="com.sevenstar.testcases.场景用例" time="0">
    <skipped message="Method 场景用例.分批赔率测试()[pri:0, instance:com.sevenstar.testcases.场景用例@16267862] depends on not successfully finished methods"/>
  </testcase>
  <testcase name="分批赔率测试" classname="com.sevenstar.testcases.场景用例" time="0">
    <skipped message="Method 场景用例.分批赔率测试()[pri:0, instance:com.sevenstar.testcases.场景用例@221af3c0] depends on not successfully finished methods"/>
  </testcase>
  <testcase name="分批赔率测试" classname="com.sevenstar.testcases.场景用例" time="0">
    <skipped message="Method 场景用例.分批赔率测试()[pri:0, instance:com.sevenstar.testcases.场景用例@ba8d91c] depends on not successfully finished methods"/>
  </testcase>
  <testcase name="分批赔率测试" classname="com.sevenstar.testcases.场景用例" time="0">
    <skipped message="Method 场景用例.分批赔率测试()[pri:0, instance:com.sevenstar.testcases.场景用例@61d47554] depends on not successfully finished methods"/>
  </testcase>
  <testcase name="越级操作测试" classname="com.sevenstar.testcases.场景用例" time="0">
    <skipped message="Method 场景用例.越级操作测试()[pri:0, instance:com.sevenstar.testcases.场景用例@16267862] depends on not successfully finished methods"/>
  </testcase>
  <testcase name="越级操作测试" classname="com.sevenstar.testcases.场景用例" time="0">
    <skipped message="Method 场景用例.越级操作测试()[pri:0, instance:com.sevenstar.testcases.场景用例@221af3c0] depends on not successfully finished methods"/>
  </testcase>
  <testcase name="越级操作测试" classname="com.sevenstar.testcases.场景用例" time="0">
    <skipped message="Method 场景用例.越级操作测试()[pri:0, instance:com.sevenstar.testcases.场景用例@ba8d91c] depends on not successfully finished methods"/>
  </testcase>
  <testcase name="越级操作测试" classname="com.sevenstar.testcases.场景用例" time="0">
    <skipped message="Method 场景用例.越级操作测试()[pri:0, instance:com.sevenstar.testcases.场景用例@61d47554] depends on not successfully finished methods"/>
  </testcase>
  <testcase name="拦货金额测试" classname="com.sevenstar.testcases.场景用例" time="0">
    <skipped message="Method 场景用例.拦货金额测试()[pri:0, instance:com.sevenstar.testcases.场景用例@16267862] depends on not successfully finished methods"/>
  </testcase>
  <testcase name="拦货金额测试" classname="com.sevenstar.testcases.场景用例" time="0">
    <skipped message="Method 场景用例.拦货金额测试()[pri:0, instance:com.sevenstar.testcases.场景用例@221af3c0] depends on not successfully finished methods"/>
  </testcase>
  <testcase name="拦货金额测试" classname="com.sevenstar.testcases.场景用例" time="0">
    <skipped message="Method 场景用例.拦货金额测试()[pri:0, instance:com.sevenstar.testcases.场景用例@ba8d91c] depends on not successfully finished methods"/>
  </testcase>
  <testcase name="拦货金额测试" classname="com.sevenstar.testcases.场景用例" time="0">
    <skipped message="Method 场景用例.拦货金额测试()[pri:0, instance:com.sevenstar.testcases.场景用例@61d47554] depends on not successfully finished methods"/>
  </testcase>
  <testcase name="开盘测试" classname="com.sevenstar.testcases.场景用例" time="0">
    <skipped message="Method 场景用例.开盘测试()[pri:0, instance:com.sevenstar.testcases.场景用例@16267862] depends on not successfully finished methods"/>
  </testcase>
  <testcase name="开盘测试" classname="com.sevenstar.testcases.场景用例" time="0">
    <skipped message="Method 场景用例.开盘测试()[pri:0, instance:com.sevenstar.testcases.场景用例@221af3c0] depends on not successfully finished methods"/>
  </testcase>
  <testcase name="开盘测试" classname="com.sevenstar.testcases.场景用例" time="0">
    <skipped message="Method 场景用例.开盘测试()[pri:0, instance:com.sevenstar.testcases.场景用例@ba8d91c] depends on not successfully finished methods"/>
  </testcase>
  <testcase name="开盘测试" classname="com.sevenstar.testcases.场景用例" time="0">
    <skipped message="Method 场景用例.开盘测试()[pri:0, instance:com.sevenstar.testcases.场景用例@61d47554] depends on not successfully finished methods"/>
  </testcase>
  <testcase name="快打下注测试" classname="com.sevenstar.testcases.场景用例" time="0">
    <skipped message="Method 场景用例.快打下注测试()[pri:0, instance:com.sevenstar.testcases.场景用例@16267862] depends on not successfully finished methods"/>
  </testcase>
  <testcase name="快打下注测试" classname="com.sevenstar.testcases.场景用例" time="0">
    <skipped message="Method 场景用例.快打下注测试()[pri:0, instance:com.sevenstar.testcases.场景用例@221af3c0] depends on not successfully finished methods"/>
  </testcase>
  <testcase name="快打下注测试" classname="com.sevenstar.testcases.场景用例" time="0">
    <skipped message="Method 场景用例.快打下注测试()[pri:0, instance:com.sevenstar.testcases.场景用例@ba8d91c] depends on not successfully finished methods"/>
  </testcase>
  <testcase name="快打下注测试" classname="com.sevenstar.testcases.场景用例" time="0">
    <skipped message="Method 场景用例.快打下注测试()[pri:0, instance:com.sevenstar.testcases.场景用例@61d47554] depends on not successfully finished methods"/>
  </testcase>
  <testcase name="结账前报表验证" classname="com.sevenstar.testcases.场景用例" time="0">
    <skipped message="Method 场景用例.结账前报表验证()[pri:0, instance:com.sevenstar.testcases.场景用例@16267862] depends on not successfully finished methods"/>
  </testcase>
  <testcase name="结账前报表验证" classname="com.sevenstar.testcases.场景用例" time="0">
    <skipped message="Method 场景用例.结账前报表验证()[pri:0, instance:com.sevenstar.testcases.场景用例@221af3c0] depends on not successfully finished methods"/>
  </testcase>
  <testcase name="结账前报表验证" classname="com.sevenstar.testcases.场景用例" time="0">
    <skipped message="Method 场景用例.结账前报表验证()[pri:0, instance:com.sevenstar.testcases.场景用例@ba8d91c] depends on not successfully finished methods"/>
  </testcase>
  <testcase name="结账前报表验证" classname="com.sevenstar.testcases.场景用例" time="0">
    <skipped message="Method 场景用例.结账前报表验证()[pri:0, instance:com.sevenstar.testcases.场景用例@61d47554] depends on not successfully finished methods"/>
  </testcase>
  <testcase name="关盘结账" classname="com.sevenstar.testcases.场景用例" time="0">
    <skipped message="Method 场景用例.关盘结账()[pri:0, instance:com.sevenstar.testcases.场景用例@16267862] depends on not successfully finished methods"/>
  </testcase>
  <testcase name="关盘结账" classname="com.sevenstar.testcases.场景用例" time="0">
    <skipped message="Method 场景用例.关盘结账()[pri:0, instance:com.sevenstar.testcases.场景用例@221af3c0] depends on not successfully finished methods"/>
  </testcase>
  <testcase name="关盘结账" classname="com.sevenstar.testcases.场景用例" time="0">
    <skipped message="Method 场景用例.关盘结账()[pri:0, instance:com.sevenstar.testcases.场景用例@ba8d91c] depends on not successfully finished methods"/>
  </testcase>
  <testcase name="关盘结账" classname="com.sevenstar.testcases.场景用例" time="0">
    <skipped message="Method 场景用例.关盘结账()[pri:0, instance:com.sevenstar.testcases.场景用例@61d47554] depends on not successfully finished methods"/>
  </testcase>
  <testcase name="结账后报表验证" classname="com.sevenstar.testcases.场景用例" time="0">
    <skipped message="Method 场景用例.结账后报表验证()[pri:0, instance:com.sevenstar.testcases.场景用例@16267862] depends on not successfully finished methods"/>
  </testcase>
  <testcase name="结账后报表验证" classname="com.sevenstar.testcases.场景用例" time="0">
    <skipped message="Method 场景用例.结账后报表验证()[pri:0, instance:com.sevenstar.testcases.场景用例@221af3c0] depends on not successfully finished methods"/>
  </testcase>
  <testcase name="结账后报表验证" classname="com.sevenstar.testcases.场景用例" time="0">
    <skipped message="Method 场景用例.结账后报表验证()[pri:0, instance:com.sevenstar.testcases.场景用例@ba8d91c] depends on not successfully finished methods"/>
  </testcase>
  <testcase name="结账后报表验证" classname="com.sevenstar.testcases.场景用例" time="0">
    <skipped message="Method 场景用例.结账后报表验证()[pri:0, instance:com.sevenstar.testcases.场景用例@61d47554] depends on not successfully finished methods"/>
  </testcase>
  <testcase name="tearDown" classname="com.sevenstar.testcases.场景用例" time="0">
    <skipped/>
  </testcase>
  <testcase name="tearDown" classname="com.sevenstar.testcases.场景用例" time="0">
    <skipped/>
  </testcase>
  <testcase name="tearDown" classname="com.sevenstar.testcases.场景用例" time="0">
    <skipped/>
  </testcase>
  <testcase name="tearDown" classname="com.sevenstar.testcases.场景用例" time="0">
    <skipped/>
  </testcase>
  <testcase name="afterSuite" classname="com.sevenstar.testcases.场景用例" time="0">
    <skipped/>
    <system-out><![CDATA[FAILED CONFIGURATION: @BeforeTest setUp("${browserName}", "单次下注未中奖场景")
java.lang.NullPointerException
	at org.openqa.selenium.interactions.Actions.<init>(Actions.java:44)
	at com.mte.base.MteSenseCore.<init>(MteSenseCore.java:85)
	at com.mte.base.MteSenseBaseCase.beforeClass(MteSenseBaseCase.java:64)
	at com.sevenstar.testcases.场景用例.setUp(场景用例.java:44)
	at sun.reflect.NativeMethodAccessorImpl.invoke0(Native Method)
	at sun.reflect.NativeMethodAccessorImpl.invoke(NativeMethodAccessorImpl.java:62)
	at sun.reflect.DelegatingMethodAccessorImpl.invoke(DelegatingMethodAccessorImpl.java:43)
	at java.lang.reflect.Method.invoke(Method.java:498)
	at org.testng.internal.MethodInvocationHelper.invokeMethod(MethodInvocationHelper.java:104)
	at org.testng.internal.Invoker.invokeConfigurationMethod(Invoker.java:515)
	at org.testng.internal.Invoker.invokeConfigurations(Invoker.java:217)
	at org.testng.internal.Invoker.invokeConfigurations(Invoker.java:144)
	at org.testng.TestRunner.beforeRun(TestRunner.java:634)
	at org.testng.TestRunner.run(TestRunner.java:602)
	at org.testng.SuiteRunner.runTest(SuiteRunner.java:387)
	at org.testng.SuiteRunner.runSequentially(SuiteRunner.java:382)
	at org.testng.SuiteRunner.privateRun(SuiteRunner.java:340)
	at org.testng.SuiteRunner.run(SuiteRunner.java:289)
	at org.testng.SuiteRunnerWorker.runSuite(SuiteRunnerWorker.java:52)
	at org.testng.SuiteRunnerWorker.run(SuiteRunnerWorker.java:86)
	at org.testng.TestNG.runSuitesSequentially(TestNG.java:1293)
	at org.testng.TestNG.runSuitesLocally(TestNG.java:1218)
	at org.testng.TestNG.runSuites(TestNG.java:1133)
	at org.testng.TestNG.run(TestNG.java:1104)
	at org.apache.maven.surefire.testng.TestNGExecutor.run(TestNGExecutor.java:281)
	at org.apache.maven.surefire.testng.TestNGXmlTestSuite.execute(TestNGXmlTestSuite.java:75)
	at org.apache.maven.surefire.testng.TestNGProvider.invoke(TestNGProvider.java:121)
	at org.apache.maven.surefire.booter.ForkedBooter.invokeProviderInSameClassLoader(ForkedBooter.java:290)
	at org.apache.maven.surefire.booter.ForkedBooter.runSuitesInProcess(ForkedBooter.java:242)
	at org.apache.maven.surefire.booter.ForkedBooter.main(ForkedBooter.java:121)

SKIPPED CONFIGURATION: @BeforeMethod startTest
SKIPPED CONFIGURATION: @AfterMethod afterEachTest
SKIPPED CONFIGURATION: @AfterTest tearDown
SKIPPED: 设置定盘数据测试
java.lang.NullPointerException
	at org.openqa.selenium.interactions.Actions.<init>(Actions.java:44)
	at com.mte.base.MteSenseCore.<init>(MteSenseCore.java:85)
	at com.mte.base.MteSenseBaseCase.beforeClass(MteSenseBaseCase.java:64)
	at com.sevenstar.testcases.场景用例.setUp(场景用例.java:44)
	at sun.reflect.NativeMethodAccessorImpl.invoke0(Native Method)
	at sun.reflect.NativeMethodAccessorImpl.invoke(NativeMethodAccessorImpl.java:62)
	at sun.reflect.DelegatingMethodAccessorImpl.invoke(DelegatingMethodAccessorImpl.java:43)
	at java.lang.reflect.Method.invoke(Method.java:498)
	at org.testng.internal.MethodInvocationHelper.invokeMethod(MethodInvocationHelper.java:104)
	at org.testng.internal.Invoker.invokeConfigurationMethod(Invoker.java:515)
	at org.testng.internal.Invoker.invokeConfigurations(Invoker.java:217)
	at org.testng.internal.Invoker.invokeConfigurations(Invoker.java:144)
	at org.testng.TestRunner.beforeRun(TestRunner.java:634)
	at org.testng.TestRunner.run(TestRunner.java:602)
	at org.testng.SuiteRunner.runTest(SuiteRunner.java:387)
	at org.testng.SuiteRunner.runSequentially(SuiteRunner.java:382)
	at org.testng.SuiteRunner.privateRun(SuiteRunner.java:340)
	at org.testng.SuiteRunner.run(SuiteRunner.java:289)
	at org.testng.SuiteRunnerWorker.runSuite(SuiteRunnerWorker.java:52)
	at org.testng.SuiteRunnerWorker.run(SuiteRunnerWorker.java:86)
	at org.testng.TestNG.runSuitesSequentially(TestNG.java:1293)
	at org.testng.TestNG.runSuitesLocally(TestNG.java:1218)
	at org.testng.TestNG.runSuites(TestNG.java:1133)
	at org.testng.TestNG.run(TestNG.java:1104)
	at org.apache.maven.surefire.testng.TestNGExecutor.run(TestNGExecutor.java:281)
	at org.apache.maven.surefire.testng.TestNGXmlTestSuite.execute(TestNGXmlTestSuite.java:75)
	at org.apache.maven.surefire.testng.TestNGProvider.invoke(TestNGProvider.java:121)
	at org.apache.maven.surefire.booter.ForkedBooter.invokeProviderInSameClassLoader(ForkedBooter.java:290)
	at org.apache.maven.surefire.booter.ForkedBooter.runSuitesInProcess(ForkedBooter.java:242)
	at org.apache.maven.surefire.booter.ForkedBooter.main(ForkedBooter.java:121)

SKIPPED: 关盘测试
java.lang.Throwable: Method 场景用例.关盘测试()[pri:0, instance:com.sevenstar.testcases.场景用例@61d47554] depends on not successfully finished methods
	at org.testng.internal.Invoker.invokeTestMethods(Invoker.java:1068)
	at org.testng.internal.TestMethodWorker.invokeTestMethods(TestMethodWorker.java:129)
	at org.testng.internal.TestMethodWorker.run(TestMethodWorker.java:112)
	at java.util.concurrent.ThreadPoolExecutor.runWorker(ThreadPoolExecutor.java:1142)
	at java.util.concurrent.ThreadPoolExecutor$Worker.run(ThreadPoolExecutor.java:617)
	at java.lang.Thread.run(Thread.java:745)

SKIPPED: 分批赔率测试
java.lang.Throwable: Method 场景用例.分批赔率测试()[pri:0, instance:com.sevenstar.testcases.场景用例@61d47554] depends on not successfully finished methods
	at org.testng.internal.Invoker.invokeTestMethods(Invoker.java:1068)
	at org.testng.internal.TestMethodWorker.invokeTestMethods(TestMethodWorker.java:129)
	at org.testng.internal.TestMethodWorker.run(TestMethodWorker.java:112)
	at java.util.concurrent.ThreadPoolExecutor.runWorker(ThreadPoolExecutor.java:1142)
	at java.util.concurrent.ThreadPoolExecutor$Worker.run(ThreadPoolExecutor.java:617)
	at java.lang.Thread.run(Thread.java:745)

SKIPPED: 越级操作测试
java.lang.Throwable: Method 场景用例.越级操作测试()[pri:0, instance:com.sevenstar.testcases.场景用例@61d47554] depends on not successfully finished methods
	at org.testng.internal.Invoker.invokeTestMethods(Invoker.java:1068)
	at org.testng.internal.TestMethodWorker.invokeTestMethods(TestMethodWorker.java:129)
	at org.testng.internal.TestMethodWorker.run(TestMethodWorker.java:112)
	at java.util.concurrent.ThreadPoolExecutor.runWorker(ThreadPoolExecutor.java:1142)
	at java.util.concurrent.ThreadPoolExecutor$Worker.run(ThreadPoolExecutor.java:617)
	at java.lang.Thread.run(Thread.java:745)

SKIPPED: 拦货金额测试
java.lang.Throwable: Method 场景用例.拦货金额测试()[pri:0, instance:com.sevenstar.testcases.场景用例@61d47554] depends on not successfully finished methods
	at org.testng.internal.Invoker.invokeTestMethods(Invoker.java:1068)
	at org.testng.internal.TestMethodWorker.invokeTestMethods(TestMethodWorker.java:129)
	at org.testng.internal.TestMethodWorker.run(TestMethodWorker.java:112)
	at java.util.concurrent.ThreadPoolExecutor.runWorker(ThreadPoolExecutor.java:1142)
	at java.util.concurrent.ThreadPoolExecutor$Worker.run(ThreadPoolExecutor.java:617)
	at java.lang.Thread.run(Thread.java:745)

SKIPPED: 开盘测试
java.lang.Throwable: Method 场景用例.开盘测试()[pri:0, instance:com.sevenstar.testcases.场景用例@61d47554] depends on not successfully finished methods
	at org.testng.internal.Invoker.invokeTestMethods(Invoker.java:1068)
	at org.testng.internal.TestMethodWorker.invokeTestMethods(TestMethodWorker.java:129)
	at org.testng.internal.TestMethodWorker.run(TestMethodWorker.java:112)
	at java.util.concurrent.ThreadPoolExecutor.runWorker(ThreadPoolExecutor.java:1142)
	at java.util.concurrent.ThreadPoolExecutor$Worker.run(ThreadPoolExecutor.java:617)
	at java.lang.Thread.run(Thread.java:745)

SKIPPED: 快打下注测试
java.lang.Throwable: Method 场景用例.快打下注测试()[pri:0, instance:com.sevenstar.testcases.场景用例@61d47554] depends on not successfully finished methods
	at org.testng.internal.Invoker.invokeTestMethods(Invoker.java:1068)
	at org.testng.internal.TestMethodWorker.invokeTestMethods(TestMethodWorker.java:129)
	at org.testng.internal.TestMethodWorker.run(TestMethodWorker.java:112)
	at java.util.concurrent.ThreadPoolExecutor.runWorker(ThreadPoolExecutor.java:1142)
	at java.util.concurrent.ThreadPoolExecutor$Worker.run(ThreadPoolExecutor.java:617)
	at java.lang.Thread.run(Thread.java:745)

SKIPPED: 结账前报表验证
java.lang.Throwable: Method 场景用例.结账前报表验证()[pri:0, instance:com.sevenstar.testcases.场景用例@61d47554] depends on not successfully finished methods
	at org.testng.internal.Invoker.invokeTestMethods(Invoker.java:1068)
	at org.testng.internal.TestMethodWorker.invokeTestMethods(TestMethodWorker.java:129)
	at org.testng.internal.TestMethodWorker.run(TestMethodWorker.java:112)
	at java.util.concurrent.ThreadPoolExecutor.runWorker(ThreadPoolExecutor.java:1142)
	at java.util.concurrent.ThreadPoolExecutor$Worker.run(ThreadPoolExecutor.java:617)
	at java.lang.Thread.run(Thread.java:745)

SKIPPED: 关盘结账
java.lang.Throwable: Method 场景用例.关盘结账()[pri:0, instance:com.sevenstar.testcases.场景用例@61d47554] depends on not successfully finished methods
	at org.testng.internal.Invoker.invokeTestMethods(Invoker.java:1068)
	at org.testng.internal.TestMethodWorker.invokeTestMethods(TestMethodWorker.java:129)
	at org.testng.internal.TestMethodWorker.run(TestMethodWorker.java:112)
	at java.util.concurrent.ThreadPoolExecutor.runWorker(ThreadPoolExecutor.java:1142)
	at java.util.concurrent.ThreadPoolExecutor$Worker.run(ThreadPoolExecutor.java:617)
	at java.lang.Thread.run(Thread.java:745)

SKIPPED: 结账后报表验证
java.lang.Throwable: Method 场景用例.结账后报表验证()[pri:0, instance:com.sevenstar.testcases.场景用例@61d47554] depends on not successfully finished methods
	at org.testng.internal.Invoker.invokeTestMethods(Invoker.java:1068)
	at org.testng.internal.TestMethodWorker.invokeTestMethods(TestMethodWorker.java:129)
	at org.testng.internal.TestMethodWorker.run(TestMethodWorker.java:112)
	at java.util.concurrent.ThreadPoolExecutor.runWorker(ThreadPoolExecutor.java:1142)
	at java.util.concurrent.ThreadPoolExecutor$Worker.run(ThreadPoolExecutor.java:617)
	at java.lang.Thread.run(Thread.java:745)


===============================================
    4
    Tests run: 10, Failures: 0, Skips: 10
    Configuration Failures: 1, Skips: 3
===============================================

]]></system-out>
  </testcase>
</testsuite>