<?xml version="1.0" encoding="UTF-8"?>
<!-- Generated by org.testng.reporters.JUnitReportReporter -->
<testsuite name="com.sevenstar.testcases.场景用例" tests="44" time="0.000" ignored="0" failures="0" timestamp="17 三月 2017 06:23:08 GMT" skipped="40" hostname="JACKSON" errors="4">
  <testcase name="结账后报表验证" time="0.000" classname="com.sevenstar.testcases.场景用例">
    <skipped/>
  </testcase> <!-- 结账后报表验证 -->
  <testcase name="分批赔率测试" time="0.000" classname="com.sevenstar.testcases.场景用例">
    <skipped/>
  </testcase> <!-- 分批赔率测试 -->
  <testcase name="关盘结账" time="0.000" classname="com.sevenstar.testcases.场景用例">
    <skipped/>
  </testcase> <!-- 关盘结账 -->
  <testcase name="分批赔率测试" time="0.000" classname="com.sevenstar.testcases.场景用例">
    <skipped/>
  </testcase> <!-- 分批赔率测试 -->
  <testcase name="分批赔率测试" time="0.000" classname="com.sevenstar.testcases.场景用例">
    <skipped/>
  </testcase> <!-- 分批赔率测试 -->
  <testcase name="拦货金额测试" time="0.000" classname="com.sevenstar.testcases.场景用例">
    <skipped/>
  </testcase> <!-- 拦货金额测试 -->
  <testcase name="快打下注测试" time="0.000" classname="com.sevenstar.testcases.场景用例">
    <skipped/>
  </testcase> <!-- 快打下注测试 -->
  <testcase name="开盘测试" time="0.000" classname="com.sevenstar.testcases.场景用例">
    <skipped/>
  </testcase> <!-- 开盘测试 -->
  <testcase name="越级操作测试" time="0.000" classname="com.sevenstar.testcases.场景用例">
    <skipped/>
  </testcase> <!-- 越级操作测试 -->
  <testcase name="结账后报表验证" time="0.000" classname="com.sevenstar.testcases.场景用例">
    <skipped/>
  </testcase> <!-- 结账后报表验证 -->
  <testcase name="拦货金额测试" time="0.000" classname="com.sevenstar.testcases.场景用例">
    <skipped/>
  </testcase> <!-- 拦货金额测试 -->
  <testcase name="关盘结账" time="0.000" classname="com.sevenstar.testcases.场景用例">
    <skipped/>
  </testcase> <!-- 关盘结账 -->
  <testcase name="设置定盘数据测试" time="0.000" classname="com.sevenstar.testcases.场景用例">
    <skipped/>
  </testcase> <!-- 设置定盘数据测试 -->
  <testcase name="关盘结账" time="0.000" classname="com.sevenstar.testcases.场景用例">
    <skipped/>
  </testcase> <!-- 关盘结账 -->
  <testcase name="setUp" time="0.000" classname="com.sevenstar.testcases.场景用例">
    <error type="java.lang.NullPointerException">
      <![CDATA[java.lang.NullPointerException
	at org.openqa.selenium.interactions.Actions.<init>(Actions.java:44)
	at com.mte.base.MteSenseCore.<init>(MteSenseCore.java:85)
	at com.mte.base.MteSenseBaseCase.beforeClass(MteSenseBaseCase.java:64)
	at com.sevenstar.testcases.场景用例.setUp(场景用例.java:44)
	at sun.reflect.NativeMethodAccessorImpl.invoke0(Native Method)
	at sun.reflect.NativeMethodAccessorImpl.invoke(NativeMethodAccessorImpl.java:62)
	at sun.reflect.DelegatingMethodAccessorImpl.invoke(DelegatingMethodAccessorImpl.java:43)
	at java.lang.reflect.Method.invoke(Method.java:498)
	at org.testng.internal.MethodInvocationHelper.invokeMethod(MethodInvocationHelper.java:104)
	at org.testng.internal.Invoker.invokeConfigurationMethod(Invoker.java:515)
	at org.testng.internal.Invoker.invokeConfigurations(Invoker.java:217)
	at org.testng.internal.Invoker.invokeConfigurations(Invoker.java:144)
	at org.testng.TestRunner.beforeRun(TestRunner.java:634)
	at org.testng.TestRunner.run(TestRunner.java:602)
	at org.testng.SuiteRunner.runTest(SuiteRunner.java:387)
	at org.testng.SuiteRunner.runSequentially(SuiteRunner.java:382)
	at org.testng.SuiteRunner.privateRun(SuiteRunner.java:340)
	at org.testng.SuiteRunner.run(SuiteRunner.java:289)
	at org.testng.SuiteRunnerWorker.runSuite(SuiteRunnerWorker.java:52)
	at org.testng.SuiteRunnerWorker.run(SuiteRunnerWorker.java:86)
	at org.testng.TestNG.runSuitesSequentially(TestNG.java:1293)
	at org.testng.TestNG.runSuitesLocally(TestNG.java:1218)
	at org.testng.TestNG.runSuites(TestNG.java:1133)
	at org.testng.TestNG.run(TestNG.java:1104)
	at org.apache.maven.surefire.testng.TestNGExecutor.run(TestNGExecutor.java:281)
	at org.apache.maven.surefire.testng.TestNGXmlTestSuite.execute(TestNGXmlTestSuite.java:75)
	at org.apache.maven.surefire.testng.TestNGProvider.invoke(TestNGProvider.java:121)
	at org.apache.maven.surefire.booter.ForkedBooter.invokeProviderInSameClassLoader(ForkedBooter.java:290)
	at org.apache.maven.surefire.booter.ForkedBooter.runSuitesInProcess(ForkedBooter.java:242)
	at org.apache.maven.surefire.booter.ForkedBooter.main(ForkedBooter.java:121)
]]>
    </error>
  </testcase> <!-- setUp -->
  <testcase name="设置定盘数据测试" time="0.000" classname="com.sevenstar.testcases.场景用例">
    <skipped/>
  </testcase> <!-- 设置定盘数据测试 -->
  <testcase name="越级操作测试" time="0.000" classname="com.sevenstar.testcases.场景用例">
    <skipped/>
  </testcase> <!-- 越级操作测试 -->
  <testcase name="关盘结账" time="0.000" classname="com.sevenstar.testcases.场景用例">
    <skipped/>
  </testcase> <!-- 关盘结账 -->
  <testcase name="结账后报表验证" time="0.000" classname="com.sevenstar.testcases.场景用例">
    <skipped/>
  </testcase> <!-- 结账后报表验证 -->
  <testcase name="设置定盘数据测试" time="0.000" classname="com.sevenstar.testcases.场景用例">
    <skipped/>
  </testcase> <!-- 设置定盘数据测试 -->
  <testcase name="快打下注测试" time="0.000" classname="com.sevenstar.testcases.场景用例">
    <skipped/>
  </testcase> <!-- 快打下注测试 -->
  <testcase name="关盘测试" time="0.000" classname="com.sevenstar.testcases.场景用例">
    <skipped/>
  </testcase> <!-- 关盘测试 -->
  <testcase name="setUp" time="0.000" classname="com.sevenstar.testcases.场景用例">
    <error type="java.lang.NullPointerException">
      <![CDATA[java.lang.NullPointerException
	at org.openqa.selenium.interactions.Actions.<init>(Actions.java:44)
	at com.mte.base.MteSenseCore.<init>(MteSenseCore.java:85)
	at com.mte.base.MteSenseBaseCase.beforeClass(MteSenseBaseCase.java:64)
	at com.sevenstar.testcases.场景用例.setUp(场景用例.java:44)
	at sun.reflect.NativeMethodAccessorImpl.invoke0(Native Method)
	at sun.reflect.NativeMethodAccessorImpl.invoke(NativeMethodAccessorImpl.java:62)
	at sun.reflect.DelegatingMethodAccessorImpl.invoke(DelegatingMethodAccessorImpl.java:43)
	at java.lang.reflect.Method.invoke(Method.java:498)
	at org.testng.internal.MethodInvocationHelper.invokeMethod(MethodInvocationHelper.java:104)
	at org.testng.internal.Invoker.invokeConfigurationMethod(Invoker.java:515)
	at org.testng.internal.Invoker.invokeConfigurations(Invoker.java:217)
	at org.testng.internal.Invoker.invokeConfigurations(Invoker.java:144)
	at org.testng.TestRunner.beforeRun(TestRunner.java:634)
	at org.testng.TestRunner.run(TestRunner.java:602)
	at org.testng.SuiteRunner.runTest(SuiteRunner.java:387)
	at org.testng.SuiteRunner.runSequentially(SuiteRunner.java:382)
	at org.testng.SuiteRunner.privateRun(SuiteRunner.java:340)
	at org.testng.SuiteRunner.run(SuiteRunner.java:289)
	at org.testng.SuiteRunnerWorker.runSuite(SuiteRunnerWorker.java:52)
	at org.testng.SuiteRunnerWorker.run(SuiteRunnerWorker.java:86)
	at org.testng.TestNG.runSuitesSequentially(TestNG.java:1293)
	at org.testng.TestNG.runSuitesLocally(TestNG.java:1218)
	at org.testng.TestNG.runSuites(TestNG.java:1133)
	at org.testng.TestNG.run(TestNG.java:1104)
	at org.apache.maven.surefire.testng.TestNGExecutor.run(TestNGExecutor.java:281)
	at org.apache.maven.surefire.testng.TestNGXmlTestSuite.execute(TestNGXmlTestSuite.java:75)
	at org.apache.maven.surefire.testng.TestNGProvider.invoke(TestNGProvider.java:121)
	at org.apache.maven.surefire.booter.ForkedBooter.invokeProviderInSameClassLoader(ForkedBooter.java:290)
	at org.apache.maven.surefire.booter.ForkedBooter.runSuitesInProcess(ForkedBooter.java:242)
	at org.apache.maven.surefire.booter.ForkedBooter.main(ForkedBooter.java:121)
]]>
    </error>
  </testcase> <!-- setUp -->
  <testcase name="关盘测试" time="0.000" classname="com.sevenstar.testcases.场景用例">
    <skipped/>
  </testcase> <!-- 关盘测试 -->
  <testcase name="关盘测试" time="0.000" classname="com.sevenstar.testcases.场景用例">
    <skipped/>
  </testcase> <!-- 关盘测试 -->
  <testcase name="结账前报表验证" time="0.000" classname="com.sevenstar.testcases.场景用例">
    <skipped/>
  </testcase> <!-- 结账前报表验证 -->
  <testcase name="setUp" time="0.000" classname="com.sevenstar.testcases.场景用例">
    <error type="java.lang.NullPointerException">
      <![CDATA[java.lang.NullPointerException
	at org.openqa.selenium.interactions.Actions.<init>(Actions.java:44)
	at com.mte.base.MteSenseCore.<init>(MteSenseCore.java:85)
	at com.mte.base.MteSenseBaseCase.beforeClass(MteSenseBaseCase.java:64)
	at com.sevenstar.testcases.场景用例.setUp(场景用例.java:44)
	at sun.reflect.NativeMethodAccessorImpl.invoke0(Native Method)
	at sun.reflect.NativeMethodAccessorImpl.invoke(NativeMethodAccessorImpl.java:62)
	at sun.reflect.DelegatingMethodAccessorImpl.invoke(DelegatingMethodAccessorImpl.java:43)
	at java.lang.reflect.Method.invoke(Method.java:498)
	at org.testng.internal.MethodInvocationHelper.invokeMethod(MethodInvocationHelper.java:104)
	at org.testng.internal.Invoker.invokeConfigurationMethod(Invoker.java:515)
	at org.testng.internal.Invoker.invokeConfigurations(Invoker.java:217)
	at org.testng.internal.Invoker.invokeConfigurations(Invoker.java:144)
	at org.testng.TestRunner.beforeRun(TestRunner.java:634)
	at org.testng.TestRunner.run(TestRunner.java:602)
	at org.testng.SuiteRunner.runTest(SuiteRunner.java:387)
	at org.testng.SuiteRunner.runSequentially(SuiteRunner.java:382)
	at org.testng.SuiteRunner.privateRun(SuiteRunner.java:340)
	at org.testng.SuiteRunner.run(SuiteRunner.java:289)
	at org.testng.SuiteRunnerWorker.runSuite(SuiteRunnerWorker.java:52)
	at org.testng.SuiteRunnerWorker.run(SuiteRunnerWorker.java:86)
	at org.testng.TestNG.runSuitesSequentially(TestNG.java:1293)
	at org.testng.TestNG.runSuitesLocally(TestNG.java:1218)
	at org.testng.TestNG.runSuites(TestNG.java:1133)
	at org.testng.TestNG.run(TestNG.java:1104)
	at org.apache.maven.surefire.testng.TestNGExecutor.run(TestNGExecutor.java:281)
	at org.apache.maven.surefire.testng.TestNGXmlTestSuite.execute(TestNGXmlTestSuite.java:75)
	at org.apache.maven.surefire.testng.TestNGProvider.invoke(TestNGProvider.java:121)
	at org.apache.maven.surefire.booter.ForkedBooter.invokeProviderInSameClassLoader(ForkedBooter.java:290)
	at org.apache.maven.surefire.booter.ForkedBooter.runSuitesInProcess(ForkedBooter.java:242)
	at org.apache.maven.surefire.booter.ForkedBooter.main(ForkedBooter.java:121)
]]>
    </error>
  </testcase> <!-- setUp -->
  <testcase name="快打下注测试" time="0.000" classname="com.sevenstar.testcases.场景用例">
    <skipped/>
  </testcase> <!-- 快打下注测试 -->
  <testcase name="结账前报表验证" time="0.000" classname="com.sevenstar.testcases.场景用例">
    <skipped/>
  </testcase> <!-- 结账前报表验证 -->
  <testcase name="拦货金额测试" time="0.000" classname="com.sevenstar.testcases.场景用例">
    <skipped/>
  </testcase> <!-- 拦货金额测试 -->
  <testcase name="开盘测试" time="0.000" classname="com.sevenstar.testcases.场景用例">
    <skipped/>
  </testcase> <!-- 开盘测试 -->
  <testcase name="拦货金额测试" time="0.000" classname="com.sevenstar.testcases.场景用例">
    <skipped/>
  </testcase> <!-- 拦货金额测试 -->
  <testcase name="开盘测试" time="0.000" classname="com.sevenstar.testcases.场景用例">
    <skipped/>
  </testcase> <!-- 开盘测试 -->
  <testcase name="关盘测试" time="0.000" classname="com.sevenstar.testcases.场景用例">
    <skipped/>
  </testcase> <!-- 关盘测试 -->
  <testcase name="越级操作测试" time="0.000" classname="com.sevenstar.testcases.场景用例">
    <skipped/>
  </testcase> <!-- 越级操作测试 -->
  <testcase name="setUp" time="0.000" classname="com.sevenstar.testcases.场景用例">
    <error type="java.lang.NullPointerException">
      <![CDATA[java.lang.NullPointerException
	at org.openqa.selenium.interactions.Actions.<init>(Actions.java:44)
	at com.mte.base.MteSenseCore.<init>(MteSenseCore.java:85)
	at com.mte.base.MteSenseBaseCase.beforeClass(MteSenseBaseCase.java:64)
	at com.sevenstar.testcases.场景用例.setUp(场景用例.java:44)
	at sun.reflect.NativeMethodAccessorImpl.invoke0(Native Method)
	at sun.reflect.NativeMethodAccessorImpl.invoke(NativeMethodAccessorImpl.java:62)
	at sun.reflect.DelegatingMethodAccessorImpl.invoke(DelegatingMethodAccessorImpl.java:43)
	at java.lang.reflect.Method.invoke(Method.java:498)
	at org.testng.internal.MethodInvocationHelper.invokeMethod(MethodInvocationHelper.java:104)
	at org.testng.internal.Invoker.invokeConfigurationMethod(Invoker.java:515)
	at org.testng.internal.Invoker.invokeConfigurations(Invoker.java:217)
	at org.testng.internal.Invoker.invokeConfigurations(Invoker.java:144)
	at org.testng.TestRunner.beforeRun(TestRunner.java:634)
	at org.testng.TestRunner.run(TestRunner.java:602)
	at org.testng.SuiteRunner.runTest(SuiteRunner.java:387)
	at org.testng.SuiteRunner.runSequentially(SuiteRunner.java:382)
	at org.testng.SuiteRunner.privateRun(SuiteRunner.java:340)
	at org.testng.SuiteRunner.run(SuiteRunner.java:289)
	at org.testng.SuiteRunnerWorker.runSuite(SuiteRunnerWorker.java:52)
	at org.testng.SuiteRunnerWorker.run(SuiteRunnerWorker.java:86)
	at org.testng.TestNG.runSuitesSequentially(TestNG.java:1293)
	at org.testng.TestNG.runSuitesLocally(TestNG.java:1218)
	at org.testng.TestNG.runSuites(TestNG.java:1133)
	at org.testng.TestNG.run(TestNG.java:1104)
	at org.apache.maven.surefire.testng.TestNGExecutor.run(TestNGExecutor.java:281)
	at org.apache.maven.surefire.testng.TestNGXmlTestSuite.execute(TestNGXmlTestSuite.java:75)
	at org.apache.maven.surefire.testng.TestNGProvider.invoke(TestNGProvider.java:121)
	at org.apache.maven.surefire.booter.ForkedBooter.invokeProviderInSameClassLoader(ForkedBooter.java:290)
	at org.apache.maven.surefire.booter.ForkedBooter.runSuitesInProcess(ForkedBooter.java:242)
	at org.apache.maven.surefire.booter.ForkedBooter.main(ForkedBooter.java:121)
]]>
    </error>
  </testcase> <!-- setUp -->
  <testcase name="设置定盘数据测试" time="0.000" classname="com.sevenstar.testcases.场景用例">
    <skipped/>
  </testcase> <!-- 设置定盘数据测试 -->
  <testcase name="越级操作测试" time="0.000" classname="com.sevenstar.testcases.场景用例">
    <skipped/>
  </testcase> <!-- 越级操作测试 -->
  <testcase name="分批赔率测试" time="0.000" classname="com.sevenstar.testcases.场景用例">
    <skipped/>
  </testcase> <!-- 分批赔率测试 -->
  <testcase name="结账前报表验证" time="0.000" classname="com.sevenstar.testcases.场景用例">
    <skipped/>
  </testcase> <!-- 结账前报表验证 -->
  <testcase name="结账后报表验证" time="0.000" classname="com.sevenstar.testcases.场景用例">
    <skipped/>
  </testcase> <!-- 结账后报表验证 -->
  <testcase name="结账前报表验证" time="0.000" classname="com.sevenstar.testcases.场景用例">
    <skipped/>
  </testcase> <!-- 结账前报表验证 -->
  <testcase name="开盘测试" time="0.000" classname="com.sevenstar.testcases.场景用例">
    <skipped/>
  </testcase> <!-- 开盘测试 -->
  <testcase name="快打下注测试" time="0.000" classname="com.sevenstar.testcases.场景用例">
    <skipped/>
  </testcase> <!-- 快打下注测试 -->
</testsuite> <!-- com.sevenstar.testcases.场景用例 -->
